2022-07-29 12:05:39,337-root-INFO-********Name were Displayed Successfully*******
2022-07-29 12:05:39,337-root-INFO-********Image were Displayed Successfully*******
2022-07-29 12:05:39,337-root-INFO-********Show Notifications were Deselected Successfully*******
2022-07-29 12:05:39,337-root-INFO-********DarkTheme were Selected Successfully*******
2022-07-29 12:05:39,337-root-INFO-********Email were Displayed Successfully*******
2022-07-29 12:05:39,337-root-INFO-******** Bio were Displayed Successfully *******
2022-07-29 12:05:39,337-root-INFO-******* DOB were Displayed Successfully *******
2022-07-29 12:14:25,863-root-INFO-**********Test Started***********
2022-07-29 12:15:08,061-root-INFO-********Name were Displayed Successfully*******
2022-07-29 12:15:08,061-root-INFO-********Image were Displayed Successfully*******
2022-07-29 12:15:08,062-root-INFO-********Show Notifications were Deselected Successfully*******
2022-07-29 12:15:08,062-root-INFO-********DarkTheme were Selected Successfully*******
2022-07-29 12:15:08,062-root-INFO-********Email were Displayed Successfully*******
2022-07-29 12:15:08,062-root-INFO-******** Bio were Displayed Successfully *******
2022-07-29 12:15:08,062-root-INFO-******* DOB were Displayed Successfully *******
2022-07-29 12:15:08,062-root-INFO-**********TestCases Passed**********
2022-07-29 12:15:08,062-root-INFO-**********Test Ended**********
2022-07-29 12:16:05,351-root-INFO-**********Test Started***********
2022-07-29 12:16:47,854-root-INFO-********Name were Displayed Successfully*******
2022-07-29 12:16:47,854-root-INFO-********Image were Displayed Successfully*******
2022-07-29 12:16:47,854-root-INFO-********Show Notifications were Deselected Successfully*******
2022-07-29 12:16:47,854-root-INFO-********DarkTheme were Selected Successfully*******
2022-07-29 12:16:47,855-root-INFO-********Email were Displayed Successfully*******
2022-07-29 12:16:47,855-root-INFO-******** Bio were Displayed Successfully *******
2022-07-29 12:16:47,855-root-INFO-******* DOB were Displayed Successfully *******
2022-07-29 12:16:47,855-root-INFO-**********TestCases Passed**********
2022-07-29 12:16:47,855-root-INFO-**********Test Ended**********
2022-07-29 12:23:47,670-root-INFO-**********Test Started***********
2022-07-29 12:24:29,786-root-INFO-********Name were Displayed Successfully*******
2022-07-29 12:24:29,786-root-INFO-********Image were Displayed Successfully*******
2022-07-29 12:24:29,786-root-INFO-********Show Notifications were Deselected Successfully*******
2022-07-29 12:24:29,786-root-INFO-********DarkTheme were Selected Successfully*******
2022-07-29 12:24:29,786-root-INFO-********Email were Displayed Successfully*******
2022-07-29 12:24:29,787-root-INFO-******** Bio were Displayed Successfully *******
2022-07-29 12:24:29,787-root-INFO-******* DOB were Displayed Successfully *******
2022-07-29 12:24:29,787-root-INFO-**********TestCases Passed**********
2022-07-29 12:24:29,787-root-INFO-**********Test Ended**********
2022-07-29 12:44:00,217-root-INFO-**********Test Started***********
2022-07-29 12:44:42,303-root-INFO-********Name were Displayed Successfully*******
2022-07-29 12:44:42,303-root-INFO-********Image were Displayed Successfully*******
2022-07-29 12:44:42,303-root-INFO-********Show Notifications were Deselected Successfully*******
2022-07-29 12:44:42,303-root-INFO-********DarkTheme were Selected Successfully*******
2022-07-29 12:44:42,304-root-INFO-********Email were Displayed Successfully*******
2022-07-29 12:44:42,304-root-INFO-******** Bio were Displayed Successfully *******
2022-07-29 12:44:42,304-root-INFO-******* DOB were Displayed Successfully *******
2022-07-29 12:44:42,304-root-INFO-**********TestCases Passed**********
2022-07-29 12:44:42,304-root-INFO-**********Test Ended**********
2022-07-29 17:03:51,752-root-INFO-**********Test Started***********
2022-07-29 17:04:36,403-root-INFO-********Name were Displayed Successfully*******
2022-07-29 17:04:36,403-root-INFO-********Image were Displayed Successfully*******
2022-07-29 17:04:36,404-root-INFO-********Show Notifications were Deselected Successfully*******
2022-07-29 17:04:36,404-root-INFO-********DarkTheme were Selected Successfully*******
2022-07-29 17:04:36,404-root-INFO-********Email were Displayed Successfully*******
2022-07-29 17:04:36,404-root-INFO-******** Bio were Displayed Successfully *******
2022-07-29 17:04:36,404-root-INFO-******* DOB were Displayed Successfully *******
2022-07-29 17:04:36,404-root-INFO-**********TestCases Passed**********
2022-07-29 17:04:36,404-root-INFO-**********Test Ended**********
